[LOG] System::create                           : Header version = 2.02.21. Current version = 2.02.21.
[LOG] Manager::init                            : maxchannels = 256 studioflags = 00000006 flags 00000000 extradriverdata 0000000000000000.
[LOG] SystemI::init                            : Initialize version=20221 (141420), maxchannels=256, flags=0x00020000
[LOG] SystemI::setOutputInternal               : Setting output to 'FMOD WASAPI Output'
[LOG] OutputWASAPI::init                       : Mix Format (WAVEFORMATEX): wFormatTag=0xFFFE, nChannels=2, nSamplesPerSec=48000, nAvgBytesPerSec=384000, nBlockAlign=8, wBitsPerSample=32, cbSize=22.
[LOG] OutputWASAPI::init                       : Mix Format (WAVEFORMATEXTENSIBLE): wValidBitsPerSample=32, dwChannelMask=0x00000003, SubFormat=00000003-0000-0010-8000-00AA00389B71.
[LOG] OutputWASAPI::init                       : Output buffer size: 4096 samples, latency: 0.00ms, period: 10.00ms, DSP buffer: 1024 * 4
[LOG] Thread::initThread                       : Init FMOD stream thread. Affinity: 0x4000000000000003, Priority: 0xFFFF7FFB, Stack Size: 98304, Semaphore: No, Sleep Time: 10, Looping: Yes.
[LOG] Thread::initThread                       : Init FMOD mixer thread. Affinity: 0x4000000000000001, Priority: 0xFFFF7FFA, Stack Size: 81920, Semaphore: No, Sleep Time: 0, Looping: Yes.
[LOG] AsyncManager::init                       : manager 000001C5154982C8 isAsync 0 updatePeriod 0.02
[LOG] AsyncManager::init                       : done
[LOG] PlaybackSystem::init                     : 
[LOG] Thread::initThread                       : Init FMOD Studio sample load thread. Affinity: 0x4000000000000003, Priority: 0xFFFF7FFD, Stack Size: 98304, Semaphore: No, Sleep Time: 1, Looping: No.
[LOG] PlaybackSystem::init                     : done
[LOG] Thread::initThread                       : Init FMOD Studio bank load thread. Affinity: 0x4000000000000003, Priority: 0xFFFF7FFD, Stack Size: 98304, Semaphore: No, Sleep Time: 1, Looping: No.
[LOG] Manager::init                            : done.
[LOG] Manager::readBank                        : fileversion = 142, compatVersion = 140 (oldest = 44, newest = 142)
[LOG] Manager::readBank                        : fileversion = 142, compatVersion = 140 (oldest = 44, newest = 142)
[LOG] Manager::readBank                        : fileversion = 142, compatVersion = 140 (oldest = 44, newest = 142)
[LOG] PlaybackSystem::acquireMasterBus         : Setting master channel group format to 6
[LOG] AsyncThread::add                         : add sound to async queue : soundi = 000001C4D14F79B8, queue head = 000001C4229161B8, queue count = 0
[LOG] AsyncThread::threadFunc                  : Starting Asynchronous operation on sound 000001C4D14F79B8
[LOG] AsyncThread::threadFunc                  : Finished Asynchronous operation on sound 000001C4D14F79B8
[LOG] AsyncThread::add                         : add sound to async queue : soundi = 000001C4D14F79B8, queue head = 000001C4229161B8, queue count = 0
[LOG] AsyncThread::threadFunc                  : Starting Asynchronous operation on sound 000001C4D14F79B8
[LOG] AsyncThread::threadFunc                  : Finished Asynchronous operation on sound 000001C4D14F79B8
[LOG] AsyncThread::add                         : add sound to async queue : soundi = 000001C4D14F79B8, queue head = 000001C4229161B8, queue count = 0
[LOG] AsyncThread::threadFunc                  : Starting Asynchronous operation on sound 000001C4D14F79B8
[LOG] AsyncThread::threadFunc                  : Finished Asynchronous operation on sound 000001C4D14F79B8
[LOG] AsyncThread::add                         : add sound to async queue : soundi = 000001C4D14F79B8, queue head = 000001C4229161B8, queue count = 0
[LOG] AsyncThread::threadFunc                  : Starting Asynchronous operation on sound 000001C4D14F79B8
[LOG] AsyncThread::threadFunc                  : Finished Asynchronous operation on sound 000001C4D14F79B8
[LOG] AsyncThread::add                         : add sound to async queue : soundi = 000001C4D14F79B8, queue head = 000001C4229161B8, queue count = 0
[LOG] AsyncThread::threadFunc                  : Starting Asynchronous operation on sound 000001C4D14F79B8
[LOG] AsyncThread::threadFunc                  : Finished Asynchronous operation on sound 000001C4D14F79B8
[LOG] AsyncThread::add                         : add sound to async queue : soundi = 000001C4D14F79B8, queue head = 000001C4229161B8, queue count = 0
[LOG] AsyncThread::threadFunc                  : Starting Asynchronous operation on sound 000001C4D14F79B8
[LOG] AsyncThread::threadFunc                  : Finished Asynchronous operation on sound 000001C4D14F79B8
[LOG] AsyncThread::add                         : add sound to async queue : soundi = 000001C4D14F79B8, queue head = 000001C4229161B8, queue count = 0
[LOG] AsyncThread::threadFunc                  : Starting Asynchronous operation on sound 000001C4D14F79B8
[LOG] AsyncThread::threadFunc                  : Finished Asynchronous operation on sound 000001C4D14F79B8
[LOG] AsyncThread::add                         : add sound to async queue : soundi = 000001C4D14F79B8, queue head = 000001C4229161B8, queue count = 0
[LOG] AsyncThread::threadFunc                  : Starting Asynchronous operation on sound 000001C4D14F79B8
[LOG] AsyncThread::threadFunc                  : Finished Asynchronous operation on sound 000001C4D14F79B8
[LOG] SoundI::release                          : Game BG Music (000001C56715DF88)
[LOG] SoundI::release                          :     Game BG Music (000001C4214DD608)
[LOG] SoundI::release                          :     Game BG Music (000001C4D14F79B8)
[LOG] SoundI::release                          :  (000001C47777F178)
[LOG] SoundI::release                          :     laser (000001C4214DA068)
[LOG] SoundI::release                          :  (000001C477780FA8)
[LOG] SoundI::release                          :     电魔法蓄力释放-YS070522 (000001C4221158C8)
[LOG] SoundI::release                          :  (000001C477780B58)
[LOG] SoundI::release                          :     火-火焰飞行-LTT20070428 (000001C4214DA6E8)
[LOG] SoundI::release                          :  (000001C47777F2E8)
[LOG] SoundI::release                          :     飞行的火魔法释放-YS070522 (000001C4214DB3E8)
[LOG] SoundI::release                          :  (000001C47777F5C8)
[LOG] SoundI::release                          :     飞行-WQ20070429 (000001C4221150A8)
[LOG] Thread::callback                         : FMOD Studio update thread finished.
[LOG] Thread::callback                         : FMOD Studio bank load thread finished.
[LOG] Profile::disconnectAll                   : Profiler disconnecting all clients
[LOG] Thread::callback                         : FMOD Studio sample load thread finished.
[LOG] LiveUpdate::release                      : 
[LOG] LiveUpdate::reset                        : Reset connection (reason Disconnected)
[LOG] Thread::callback                         : FMOD stream thread finished.
[LOG] Thread::callback                         : FMOD mixer thread finished.
[LOG] Profile::disconnectAll                   : Profiler disconnecting all clients
[LOG] SystemI::close                           : Closed.
[LOG] Thread::callback                         : FMOD mixer thread finished.
[LOG] OutputWASAPI::init                       : Mix Format (WAVEFORMATEX): wFormatTag=0xFFFE, nChannels=2, nSamplesPerSec=48000, nAvgBytesPerSec=384000, nBlockAlign=8, wBitsPerSample=32, cbSize=22.
[LOG] OutputWASAPI::init                       : Mix Format (WAVEFORMATEXTENSIBLE): wValidBitsPerSample=32, dwChannelMask=0x00000003, SubFormat=00000003-0000-0010-8000-00AA00389B71.
[LOG] OutputWASAPI::init                       : Output buffer size: 4096 samples, latency: 0.00ms, period: 10.00ms, DSP buffer: 1024 * 4
[LOG] Thread::initThread                       : Init FMOD mixer thread. Affinity: 0x4000000000000001, Priority: 0xFFFF7FFA, Stack Size: 81920, Semaphore: No, Sleep Time: 0, Looping: Yes.
[LOG] Thread::callback                         : FMOD Studio bank load thread finished.
[LOG] Thread::callback                         : FMOD Studio sample load thread finished.
[LOG] LiveUpdate::release                      : 
[LOG] LiveUpdate::reset                        : Reset connection (reason Disconnected)
[LOG] Thread::callback                         : FMOD stream thread finished.
[LOG] Thread::callback                         : FMOD mixer thread finished.
[LOG] SystemI::close                           : Closed.
[LOG] Thread::callback                         : FMOD nonblocking thread (0) finished.
[LOG] Thread::callback                         : FMOD file thread finished.
